This is pdfTeX, Version 3.14159265-2.6-1.40.16 (MiKTeX 2.9 64-bit) (preloaded format=pdflatex 2016.5.22)  16 MAR 2017 15:16
entering extended mode
**./low-tech-training.tex
(low-tech-training.tex
LaTeX2e <2015/10/01> patch level 2
Babel <3.9n> and hyphenation patterns for 69 languages loaded.
("D:\Program Files\MiKTeX 2.9\tex\latex\extsizes\extarticle.cls"
Document Class: extarticle 1996/10/08 v1.0 Non Standard LaTeX document class
("D:\Program Files\MiKTeX 2.9\tex\latex\extsizes\size14.clo"
File: size14.clo 1999/11/11 v1.4a NON-Standard LaTeX file (size option)
)
("D:\Program Files\MiKTeX 2.9\tex\latex\base\exscale.sty"
Package: exscale 2014/09/29 v2.1h Standard LaTeX package exscale
LaTeX Font Info:    Redeclaring symbol font `largesymbols' on input line 57.
LaTeX Font Info:    Overwriting symbol font `largesymbols' in version `normal'
(Font)                  OMX/cmex/m/n --> OMX/cmex/m/n on input line 57.
LaTeX Font Info:    Overwriting symbol font `largesymbols' in version `bold'
(Font)                  OMX/cmex/m/n --> OMX/cmex/m/n on input line 57.
\big@size=\dimen102
)
\c@part=\count79
\c@section=\count80
\c@subsection=\count81
\c@subsubsection=\count82
\c@paragraph=\count83
\c@subparagraph=\count84
\c@figure=\count85
\c@table=\count86
\abovecaptionskip=\skip41
\belowcaptionskip=\skip42
\bibindent=\dimen103
)
("D:\Program Files\MiKTeX 2.9\tex\generic\babel\babel.sty"
Package: babel 2016/01/08 3.9n The Babel package

*************************************
* Local config file bblopts.cfg used
*
("D:\Program Files\MiKTeX 2.9\tex\latex\00miktex\bblopts.cfg"
File: bblopts.cfg 2006/07/31 v1.0 MiKTeX 'babel' configuration
)
("D:\Program Files\MiKTeX 2.9\tex\latex\babel-english\english.ldf"
Language: english 2012/08/20 v3.3p English support from the babel system

("D:\Program Files\MiKTeX 2.9\tex\generic\babel\babel.def"
File: babel.def 2016/01/08 3.9n Babel common definitions
\babel@savecnt=\count87
\U@D=\dimen104
)
\l@canadian = a dialect from \language\l@american 
\l@australian = a dialect from \language\l@british 
\l@newzealand = a dialect from \language\l@british 
))
("D:\Program Files\MiKTeX 2.9\tex\latex\lipsum\lipsum.sty"
Package: lipsum 2014/07/27 v1.3 150 paragraphs of Lorem Ipsum dummy text
\c@lips@count=\count88
)
("D:\Program Files\MiKTeX 2.9\tex\latex\graphics\color.sty"
Package: color 2014/10/28 v1.1a Standard LaTeX Color (DPC)

("D:\Program Files\MiKTeX 2.9\tex\latex\00miktex\color.cfg"
File: color.cfg 2007/01/18 v1.5 color configuration of teTeX/TeXLive
)
Package color Info: Driver file: pdftex.def on input line 142.

("D:\Program Files\MiKTeX 2.9\tex\latex\pdftex-def\pdftex.def"
File: pdftex.def 2011/05/27 v0.06d Graphics/color for pdfTeX

("D:\Program Files\MiKTeX 2.9\tex\generic\oberdiek\infwarerr.sty"
Package: infwarerr 2010/04/08 v1.3 Providing info/warning/error messages (HO)
)
("D:\Program Files\MiKTeX 2.9\tex\generic\oberdiek\ltxcmds.sty"
Package: ltxcmds 2011/11/09 v1.22 LaTeX kernel commands for general use (HO)
)
\Gread@gobject=\count89
))
("D:\Program Files\MiKTeX 2.9\tex\latex\tools\multicol.sty"
Package: multicol 2015/08/19 v1.8n multicolumn formatting (FMi)
\c@tracingmulticols=\count90


Package multicol Warning: May not work with the twocolumn option on input line 
150.

\mult@box=\box26
\multicol@leftmargin=\dimen105
\c@unbalance=\count91
\c@collectmore=\count92
\doublecol@number=\count93
\multicoltolerance=\count94
\multicolpretolerance=\count95
\full@width=\dimen106
\page@free=\dimen107
\premulticols=\dimen108
\postmulticols=\dimen109
\multicolsep=\skip43
\multicolbaselineskip=\skip44
\partial@page=\box27
\last@line=\box28
\maxbalancingoverflow=\dimen110
\mult@rightbox=\box29
\mult@grightbox=\box30
\mult@gfirstbox=\box31
\mult@firstbox=\box32
\@tempa=\box33
\@tempa=\box34
\@tempa=\box35
\@tempa=\box36
\@tempa=\box37
\@tempa=\box38
\@tempa=\box39
\@tempa=\box40
\@tempa=\box41
\@tempa=\box42
\@tempa=\box43
\@tempa=\box44
\@tempa=\box45
\@tempa=\box46
\@tempa=\box47
\@tempa=\box48
\@tempa=\box49
\c@columnbadness=\count96
\c@finalcolumnbadness=\count97
\last@try=\dimen111
\multicolovershoot=\dimen112
\multicolundershoot=\dimen113
\mult@nat@firstbox=\box50
\colbreak@box=\box51
\mc@col@check@num=\count98
) ("D:\Program Files\MiKTeX 2.9\tex\latex\geometry\geometry.sty"
Package: geometry 2010/09/12 v5.6 Page Geometry

("D:\Program Files\MiKTeX 2.9\tex\latex\graphics\keyval.sty"
Package: keyval 2014/10/28 v1.15 key=value parser (DPC)
\KV@toks@=\toks14
)
("D:\Program Files\MiKTeX 2.9\tex\generic\oberdiek\ifpdf.sty"
Package: ifpdf 2011/01/30 v2.3 Provides the ifpdf switch (HO)
Package ifpdf Info: pdfTeX in PDF mode is detected.
)
("D:\Program Files\MiKTeX 2.9\tex\generic\oberdiek\ifvtex.sty"
Package: ifvtex 2010/03/01 v1.5 Detect VTeX and its facilities (HO)
Package ifvtex Info: VTeX not detected.
)
("D:\Program Files\MiKTeX 2.9\tex\generic\ifxetex\ifxetex.sty"
Package: ifxetex 2010/09/12 v0.6 Provides ifxetex conditional
)
\Gm@cnth=\count99
\Gm@cntv=\count100
\c@Gm@tempcnt=\count101
\Gm@bindingoffset=\dimen114
\Gm@wd@mp=\dimen115
\Gm@odd@mp=\dimen116
\Gm@even@mp=\dimen117
\Gm@layoutwidth=\dimen118
\Gm@layoutheight=\dimen119
\Gm@layouthoffset=\dimen120
\Gm@layoutvoffset=\dimen121
\Gm@dimlist=\toks15

("D:\Program Files\MiKTeX 2.9\tex\latex\geometry\geometry.cfg"))
("D:\Program Files\MiKTeX 2.9\tex\latex\graphics\graphicx.sty"
Package: graphicx 2014/10/28 v1.0g Enhanced LaTeX Graphics (DPC,SPQR)

("D:\Program Files\MiKTeX 2.9\tex\latex\graphics\graphics.sty"
Package: graphics 2014/10/28 v1.0p Standard LaTeX Graphics (DPC,SPQR)

("D:\Program Files\MiKTeX 2.9\tex\latex\graphics\trig.sty"
Package: trig 1999/03/16 v1.09 sin cos tan (DPC)
)
("D:\Program Files\MiKTeX 2.9\tex\latex\00miktex\graphics.cfg"
File: graphics.cfg 2007/01/18 v1.5 graphics configuration of teTeX/TeXLive
)
Package graphics Info: Driver file: pdftex.def on input line 94.
)
\Gin@req@height=\dimen122
\Gin@req@width=\dimen123
)
("D:\Program Files\MiKTeX 2.9\tex\latex\titling\titling.sty"
Package: titling 2009/09/04 v2.1d maketitle typesetting
\thanksmarkwidth=\skip45
\thanksmargin=\skip46
\droptitle=\skip47
)
("D:\Program Files\MiKTeX 2.9\tex\latex\base\inputenc.sty"
Package: inputenc 2015/03/17 v1.2c Input encoding file
\inpenc@prehook=\toks16
\inpenc@posthook=\toks17

("D:\Program Files\MiKTeX 2.9\tex\latex\base\utf8.def"
File: utf8.def 2015/09/07 v1.1p UTF-8 support for inputenc
Now handling font encoding OML ...
... no UTF-8 mapping file for font encoding OML
Now handling font encoding T1 ...
... processing UTF-8 mapping file for font encoding T1

("D:\Program Files\MiKTeX 2.9\tex\latex\base\t1enc.dfu"
File: t1enc.dfu 2015/09/07 v1.1p UTF-8 support for inputenc
   defining Unicode char U+00A0 (decimal 160)
   defining Unicode char U+00A1 (decimal 161)
   defining Unicode char U+00A3 (decimal 163)
   defining Unicode char U+00AB (decimal 171)
   defining Unicode char U+00AD (decimal 173)
   defining Unicode char U+00BB (decimal 187)
   defining Unicode char U+00BF (decimal 191)
   defining Unicode char U+00C0 (decimal 192)
   defining Unicode char U+00C1 (decimal 193)
   defining Unicode char U+00C2 (decimal 194)
   defining Unicode char U+00C3 (decimal 195)
   defining Unicode char U+00C4 (decimal 196)
   defining Unicode char U+00C5 (decimal 197)
   defining Unicode char U+00C6 (decimal 198)
   defining Unicode char U+00C7 (decimal 199)
   defining Unicode char U+00C8 (decimal 200)
   defining Unicode char U+00C9 (decimal 201)
   defining Unicode char U+00CA (decimal 202)
   defining Unicode char U+00CB (decimal 203)
   defining Unicode char U+00CC (decimal 204)
   defining Unicode char U+00CD (decimal 205)
   defining Unicode char U+00CE (decimal 206)
   defining Unicode char U+00CF (decimal 207)
   defining Unicode char U+00D0 (decimal 208)
   defining Unicode char U+00D1 (decimal 209)
   defining Unicode char U+00D2 (decimal 210)
   defining Unicode char U+00D3 (decimal 211)
   defining Unicode char U+00D4 (decimal 212)
   defining Unicode char U+00D5 (decimal 213)
   defining Unicode char U+00D6 (decimal 214)
   defining Unicode char U+00D8 (decimal 216)
   defining Unicode char U+00D9 (decimal 217)
   defining Unicode char U+00DA (decimal 218)
   defining Unicode char U+00DB (decimal 219)
   defining Unicode char U+00DC (decimal 220)
   defining Unicode char U+00DD (decimal 221)
   defining Unicode char U+00DE (decimal 222)
   defining Unicode char U+00DF (decimal 223)
   defining Unicode char U+00E0 (decimal 224)
   defining Unicode char U+00E1 (decimal 225)
   defining Unicode char U+00E2 (decimal 226)
   defining Unicode char U+00E3 (decimal 227)
   defining Unicode char U+00E4 (decimal 228)
   defining Unicode char U+00E5 (decimal 229)
   defining Unicode char U+00E6 (decimal 230)
   defining Unicode char U+00E7 (decimal 231)
   defining Unicode char U+00E8 (decimal 232)
   defining Unicode char U+00E9 (decimal 233)
   defining Unicode char U+00EA (decimal 234)
   defining Unicode char U+00EB (decimal 235)
   defining Unicode char U+00EC (decimal 236)
   defining Unicode char U+00ED (decimal 237)
   defining Unicode char U+00EE (decimal 238)
   defining Unicode char U+00EF (decimal 239)
   defining Unicode char U+00F0 (decimal 240)
   defining Unicode char U+00F1 (decimal 241)
   defining Unicode char U+00F2 (decimal 242)
   defining Unicode char U+00F3 (decimal 243)
   defining Unicode char U+00F4 (decimal 244)
   defining Unicode char U+00F5 (decimal 245)
   defining Unicode char U+00F6 (decimal 246)
   defining Unicode char U+00F8 (decimal 248)
   defining Unicode char U+00F9 (decimal 249)
   defining Unicode char U+00FA (decimal 250)
   defining Unicode char U+00FB (decimal 251)
   defining Unicode char U+00FC (decimal 252)
   defining Unicode char U+00FD (decimal 253)
   defining Unicode char U+00FE (decimal 254)
   defining Unicode char U+00FF (decimal 255)
   defining Unicode char U+0102 (decimal 258)
   defining Unicode char U+0103 (decimal 259)
   defining Unicode char U+0104 (decimal 260)
   defining Unicode char U+0105 (decimal 261)
   defining Unicode char U+0106 (decimal 262)
   defining Unicode char U+0107 (decimal 263)
   defining Unicode char U+010C (decimal 268)
   defining Unicode char U+010D (decimal 269)
   defining Unicode char U+010E (decimal 270)
   defining Unicode char U+010F (decimal 271)
   defining Unicode char U+0110 (decimal 272)
   defining Unicode char U+0111 (decimal 273)
   defining Unicode char U+0118 (decimal 280)
   defining Unicode char U+0119 (decimal 281)
   defining Unicode char U+011A (decimal 282)
   defining Unicode char U+011B (decimal 283)
   defining Unicode char U+011E (decimal 286)
   defining Unicode char U+011F (decimal 287)
   defining Unicode char U+0130 (decimal 304)
   defining Unicode char U+0131 (decimal 305)
   defining Unicode char U+0132 (decimal 306)
   defining Unicode char U+0133 (decimal 307)
   defining Unicode char U+0139 (decimal 313)
   defining Unicode char U+013A (decimal 314)
   defining Unicode char U+013D (decimal 317)
   defining Unicode char U+013E (decimal 318)
   defining Unicode char U+0141 (decimal 321)
   defining Unicode char U+0142 (decimal 322)
   defining Unicode char U+0143 (decimal 323)
   defining Unicode char U+0144 (decimal 324)
   defining Unicode char U+0147 (decimal 327)
   defining Unicode char U+0148 (decimal 328)
   defining Unicode char U+014A (decimal 330)
   defining Unicode char U+014B (decimal 331)
   defining Unicode char U+0150 (decimal 336)
   defining Unicode char U+0151 (decimal 337)
   defining Unicode char U+0152 (decimal 338)
   defining Unicode char U+0153 (decimal 339)
   defining Unicode char U+0154 (decimal 340)
   defining Unicode char U+0155 (decimal 341)
   defining Unicode char U+0158 (decimal 344)
   defining Unicode char U+0159 (decimal 345)
   defining Unicode char U+015A (decimal 346)
   defining Unicode char U+015B (decimal 347)
   defining Unicode char U+015E (decimal 350)
   defining Unicode char U+015F (decimal 351)
   defining Unicode char U+0160 (decimal 352)
   defining Unicode char U+0161 (decimal 353)
   defining Unicode char U+0162 (decimal 354)
   defining Unicode char U+0163 (decimal 355)
   defining Unicode char U+0164 (decimal 356)
   defining Unicode char U+0165 (decimal 357)
   defining Unicode char U+016E (decimal 366)
   defining Unicode char U+016F (decimal 367)
   defining Unicode char U+0170 (decimal 368)
   defining Unicode char U+0171 (decimal 369)
   defining Unicode char U+0174 (decimal 372)
   defining Unicode char U+0175 (decimal 373)
   defining Unicode char U+0176 (decimal 374)
   defining Unicode char U+0177 (decimal 375)
   defining Unicode char U+0178 (decimal 376)
   defining Unicode char U+0179 (decimal 377)
   defining Unicode char U+017A (decimal 378)
   defining Unicode char U+017B (decimal 379)
   defining Unicode char U+017C (decimal 380)
   defining Unicode char U+017D (decimal 381)
   defining Unicode char U+017E (decimal 382)
   defining Unicode char U+0218 (decimal 536)
   defining Unicode char U+0219 (decimal 537)
   defining Unicode char U+021A (decimal 538)
   defining Unicode char U+021B (decimal 539)
   defining Unicode char U+200C (decimal 8204)
   defining Unicode char U+2013 (decimal 8211)
   defining Unicode char U+2014 (decimal 8212)
   defining Unicode char U+2018 (decimal 8216)
   defining Unicode char U+2019 (decimal 8217)
   defining Unicode char U+201A (decimal 8218)
   defining Unicode char U+201C (decimal 8220)
   defining Unicode char U+201D (decimal 8221)
   defining Unicode char U+201E (decimal 8222)
   defining Unicode char U+2030 (decimal 8240)
   defining Unicode char U+2031 (decimal 8241)
   defining Unicode char U+2039 (decimal 8249)
   defining Unicode char U+203A (decimal 8250)
   defining Unicode char U+2423 (decimal 9251)
)
Now handling font encoding OT1 ...
... processing UTF-8 mapping file for font encoding OT1

("D:\Program Files\MiKTeX 2.9\tex\latex\base\ot1enc.dfu"
File: ot1enc.dfu 2015/09/07 v1.1p UTF-8 support for inputenc
   defining Unicode char U+00A0 (decimal 160)
   defining Unicode char U+00A1 (decimal 161)
   defining Unicode char U+00A3 (decimal 163)
   defining Unicode char U+00AD (decimal 173)
   defining Unicode char U+00B8 (decimal 184)
   defining Unicode char U+00BF (decimal 191)
   defining Unicode char U+00C5 (decimal 197)
   defining Unicode char U+00C6 (decimal 198)
   defining Unicode char U+00D8 (decimal 216)
   defining Unicode char U+00DF (decimal 223)
   defining Unicode char U+00E6 (decimal 230)
   defining Unicode char U+00EC (decimal 236)
   defining Unicode char U+00ED (decimal 237)
   defining Unicode char U+00EE (decimal 238)
   defining Unicode char U+00EF (decimal 239)
   defining Unicode char U+00F8 (decimal 248)
   defining Unicode char U+0131 (decimal 305)
   defining Unicode char U+0141 (decimal 321)
   defining Unicode char U+0142 (decimal 322)
   defining Unicode char U+0152 (decimal 338)
   defining Unicode char U+0153 (decimal 339)
   defining Unicode char U+0174 (decimal 372)
   defining Unicode char U+0175 (decimal 373)
   defining Unicode char U+0176 (decimal 374)
   defining Unicode char U+0177 (decimal 375)
   defining Unicode char U+0218 (decimal 536)
   defining Unicode char U+0219 (decimal 537)
   defining Unicode char U+021A (decimal 538)
   defining Unicode char U+021B (decimal 539)
   defining Unicode char U+2013 (decimal 8211)
   defining Unicode char U+2014 (decimal 8212)
   defining Unicode char U+2018 (decimal 8216)
   defining Unicode char U+2019 (decimal 8217)
   defining Unicode char U+201C (decimal 8220)
   defining Unicode char U+201D (decimal 8221)
)
Now handling font encoding OMS ...
... processing UTF-8 mapping file for font encoding OMS

("D:\Program Files\MiKTeX 2.9\tex\latex\base\omsenc.dfu"
File: omsenc.dfu 2015/09/07 v1.1p UTF-8 support for inputenc
   defining Unicode char U+00A7 (decimal 167)
   defining Unicode char U+00B6 (decimal 182)
   defining Unicode char U+00B7 (decimal 183)
   defining Unicode char U+2020 (decimal 8224)
   defining Unicode char U+2021 (decimal 8225)
   defining Unicode char U+2022 (decimal 8226)
)
Now handling font encoding OMX ...
... no UTF-8 mapping file for font encoding OMX
Now handling font encoding U ...
... no UTF-8 mapping file for font encoding U
   defining Unicode char U+00A9 (decimal 169)
   defining Unicode char U+00AA (decimal 170)
   defining Unicode char U+00AE (decimal 174)
   defining Unicode char U+00BA (decimal 186)
   defining Unicode char U+02C6 (decimal 710)
   defining Unicode char U+02DC (decimal 732)
   defining Unicode char U+200C (decimal 8204)
   defining Unicode char U+2026 (decimal 8230)
   defining Unicode char U+2122 (decimal 8482)
   defining Unicode char U+2423 (decimal 9251)
))
("D:\Program Files\MiKTeX 2.9\tex\latex\hyperref\hyperref.sty"
Package: hyperref 2012/11/06 v6.83m Hypertext links for LaTeX

("D:\Program Files\MiKTeX 2.9\tex\generic\oberdiek\hobsub-hyperref.sty"
Package: hobsub-hyperref 2012/04/25 v1.12 Bundle oberdiek, subset hyperref (HO)


("D:\Program Files\MiKTeX 2.9\tex\generic\oberdiek\hobsub-generic.sty"
Package: hobsub-generic 2012/04/25 v1.12 Bundle oberdiek, subset generic (HO)
Package: hobsub 2012/04/25 v1.12 Construct package bundles (HO)
Package hobsub Info: Skipping package `infwarerr' (already loaded).
Package hobsub Info: Skipping package `ltxcmds' (already loaded).
Package: ifluatex 2010/03/01 v1.3 Provides the ifluatex switch (HO)
Package ifluatex Info: LuaTeX not detected.
Package hobsub Info: Skipping package `ifvtex' (already loaded).
Package: intcalc 2007/09/27 v1.1 Expandable calculations with integers (HO)
Package hobsub Info: Skipping package `ifpdf' (already loaded).
Package: etexcmds 2011/02/16 v1.5 Avoid name clashes with e-TeX commands (HO)
Package etexcmds Info: Could not find \expanded.
(etexcmds)             That can mean that you are not using pdfTeX 1.50 or
(etexcmds)             that some package has redefined \expanded.
(etexcmds)             In the latter case, load this package earlier.
Package: kvsetkeys 2012/04/25 v1.16 Key value parser (HO)
Package: kvdefinekeys 2011/04/07 v1.3 Define keys (HO)
Package: pdftexcmds 2011/11/29 v0.20 Utility functions of pdfTeX for LuaTeX (HO
)
Package pdftexcmds Info: LuaTeX not detected.
Package pdftexcmds Info: \pdf@primitive is available.
Package pdftexcmds Info: \pdf@ifprimitive is available.
Package pdftexcmds Info: \pdfdraftmode found.
Package: pdfescape 2011/11/25 v1.13 Implements pdfTeX's escape features (HO)
Package: bigintcalc 2012/04/08 v1.3 Expandable calculations on big integers (HO
)
Package: bitset 2011/01/30 v1.1 Handle bit-vector datatype (HO)
Package: uniquecounter 2011/01/30 v1.2 Provide unlimited unique counter (HO)
)
Package hobsub Info: Skipping package `hobsub' (already loaded).
Package: letltxmacro 2010/09/02 v1.4 Let assignment for LaTeX macros (HO)
Package: hopatch 2011/06/24 v1.1 Wrapper for package hooks (HO)
Package: xcolor-patch 2011/01/30 xcolor patch
Package: atveryend 2011/06/30 v1.8 Hooks at the very end of document (HO)
Package atveryend Info: \enddocument detected (standard20110627).
Package: atbegshi 2011/10/05 v1.16 At begin shipout hook (HO)
Package: refcount 2011/10/16 v3.4 Data extraction from label references (HO)
Package: hycolor 2011/01/30 v1.7 Color options for hyperref/bookmark (HO)
)
("D:\Program Files\MiKTeX 2.9\tex\latex\oberdiek\auxhook.sty"
Package: auxhook 2011/03/04 v1.3 Hooks for auxiliary files (HO)
)
("D:\Program Files\MiKTeX 2.9\tex\latex\oberdiek\kvoptions.sty"
Package: kvoptions 2011/06/30 v3.11 Key value format for package options (HO)
)
\@linkdim=\dimen124
\Hy@linkcounter=\count102
\Hy@pagecounter=\count103

("D:\Program Files\MiKTeX 2.9\tex\latex\hyperref\pd1enc.def"
File: pd1enc.def 2012/11/06 v6.83m Hyperref: PDFDocEncoding definition (HO)
Now handling font encoding PD1 ...
... no UTF-8 mapping file for font encoding PD1
)
\Hy@SavedSpaceFactor=\count104

("D:\Program Files\MiKTeX 2.9\tex\latex\00miktex\hyperref.cfg"
File: hyperref.cfg 2002/06/06 v1.2 hyperref configuration of TeXLive
)
Package hyperref Info: Hyper figures OFF on input line 4443.
Package hyperref Info: Link nesting OFF on input line 4448.
Package hyperref Info: Hyper index ON on input line 4451.
Package hyperref Info: Plain pages OFF on input line 4458.
Package hyperref Info: Backreferencing OFF on input line 4463.
Package hyperref Info: Implicit mode ON; LaTeX internals redefined.
Package hyperref Info: Bookmarks ON on input line 4688.
\c@Hy@tempcnt=\count105

("D:\Program Files\MiKTeX 2.9\tex\latex\url\url.sty"
\Urlmuskip=\muskip10
Package: url 2013/09/16  ver 3.4  Verb mode for urls, etc.
)
LaTeX Info: Redefining \url on input line 5041.
\XeTeXLinkMargin=\dimen125
\Fld@menulength=\count106
\Field@Width=\dimen126
\Fld@charsize=\dimen127
Package hyperref Info: Hyper figures OFF on input line 6295.
Package hyperref Info: Link nesting OFF on input line 6300.
Package hyperref Info: Hyper index ON on input line 6303.
Package hyperref Info: backreferencing OFF on input line 6310.
Package hyperref Info: Link coloring OFF on input line 6315.
Package hyperref Info: Link coloring with OCG OFF on input line 6320.
Package hyperref Info: PDF/A mode OFF on input line 6325.
LaTeX Info: Redefining \ref on input line 6365.
LaTeX Info: Redefining \pageref on input line 6369.
\Hy@abspage=\count107
\c@Item=\count108
\c@Hfootnote=\count109
)

Package hyperref Message: Driver (autodetected): hpdftex.

("D:\Program Files\MiKTeX 2.9\tex\latex\hyperref\hpdftex.def"
File: hpdftex.def 2012/11/06 v6.83m Hyperref driver for pdfTeX
\Fld@listcount=\count110
\c@bookmark@seq@number=\count111

("D:\Program Files\MiKTeX 2.9\tex\latex\oberdiek\rerunfilecheck.sty"
Package: rerunfilecheck 2011/04/15 v1.7 Rerun checks for auxiliary files (HO)
Package uniquecounter Info: New unique counter `rerunfilecheck' on input line 2
82.
)
\Hy@SectionHShift=\skip48
)
("D:\Program Files\MiKTeX 2.9\tex\latex\float\float.sty"
Package: float 2001/11/08 v1.3d Float enhancements (AL)
\c@float@type=\count112
\float@exts=\toks18
\float@box=\box52
\@float@everytoks=\toks19
\@floatcapt=\box53
)
("D:\Program Files\MiKTeX 2.9\tex\latex\multirow\multirow.sty"
\bigstrutjot=\dimen128
)
Package color Info: Redefining color red on input line 54.
Package color Info: Redefining color blue on input line 55.
Package color Info: Redefining color green on input line 56.

(low-tech-training.aux)
\openout1 = `low-tech-training.aux'.

LaTeX Font Info:    Checking defaults for OML/cmm/m/it on input line 81.
LaTeX Font Info:    ... okay on input line 81.
LaTeX Font Info:    Checking defaults for T1/cmr/m/n on input line 81.
LaTeX Font Info:    ... okay on input line 81.
LaTeX Font Info:    Checking defaults for OT1/cmr/m/n on input line 81.
LaTeX Font Info:    ... okay on input line 81.
LaTeX Font Info:    Checking defaults for OMS/cmsy/m/n on input line 81.
LaTeX Font Info:    ... okay on input line 81.
LaTeX Font Info:    Checking defaults for OMX/cmex/m/n on input line 81.
LaTeX Font Info:    ... okay on input line 81.
LaTeX Font Info:    Checking defaults for U/cmr/m/n on input line 81.
LaTeX Font Info:    ... okay on input line 81.
LaTeX Font Info:    Checking defaults for PD1/pdf/m/n on input line 81.
LaTeX Font Info:    ... okay on input line 81.

("D:\Program Files\MiKTeX 2.9\tex\context\base\supp-pdf.mkii"
[Loading MPS to PDF converter (version 2006.09.02).]
\scratchcounter=\count113
\scratchdimen=\dimen129
\scratchbox=\box54
\nofMPsegments=\count114
\nofMParguments=\count115
\everyMPshowfont=\toks20
\MPscratchCnt=\count116
\MPscratchDim=\dimen130
\MPnumerator=\count117
\makeMPintoPDFobject=\count118
\everyMPtoPDFconversion=\toks21
)
*geometry* driver: auto-detecting
*geometry* detected driver: pdftex
*geometry* verbose mode - [ preamble ] result:
* driver: pdftex
* paper: <default>
* layout: <same size as paper>
* layoutoffset:(h,v)=(0.0pt,0.0pt)
* modes: 
* h-part:(L,W,R)=(43.36243pt, 527.57014pt, 43.36243pt)
* v-part:(T,H,B)=(43.36243pt, 708.24513pt, 43.36243pt)
* \paperwidth=614.295pt
* \paperheight=794.96999pt
* \textwidth=527.57014pt
* \textheight=708.24513pt
* \oddsidemargin=-28.90756pt
* \evensidemargin=-28.90756pt
* \topmargin=-67.90756pt
* \headheight=14.0pt
* \headsep=25.0pt
* \topskip=14.0pt
* \footskip=30.0pt
* \marginparwidth=4.0pt
* \marginparsep=10.0pt
* \columnsep=17.07182pt
* \skip\footins=12.0pt plus 4.0pt minus 2.0pt
* \hoffset=0.0pt
* \voffset=0.0pt
* \mag=1000
* \@twocolumntrue
* \@twosidefalse
* \@mparswitchfalse
* \@reversemarginfalse
* (1in=72.27pt=25.4mm, 1cm=28.453pt)

\AtBeginShipoutBox=\box55
Package hyperref Info: Link coloring OFF on input line 81.
("D:\Program Files\MiKTeX 2.9\tex\latex\hyperref\nameref.sty"
Package: nameref 2012/10/27 v2.43 Cross-referencing by name of section

("D:\Program Files\MiKTeX 2.9\tex\generic\oberdiek\gettitlestring.sty"
Package: gettitlestring 2010/12/03 v1.4 Cleanup title references (HO)
)
\c@section@level=\count119
)
LaTeX Info: Redefining \ref on input line 81.
LaTeX Info: Redefining \pageref on input line 81.
LaTeX Info: Redefining \nameref on input line 81.

(low-tech-training.out) (low-tech-training.out)
\@outlinefile=\write3
\openout3 = `low-tech-training.out'.


<eusa-logo.jpg, id=95, 1572.87625pt x 882.29625pt>
File: eusa-logo.jpg Graphic file (type jpg)
 <use eusa-logo.jpg>
Package pdftex.def Info: eusa-logo.jpg used on input line 92.
(pdftex.def)             Requested size: 512.16273pt x 290.21626pt.

Underfull \hbox (badness 10000) in paragraph at lines 92--92

 []


Underfull \hbox (badness 1533) in paragraph at lines 96--98
\OT1/cmr/m/n/14.4 In the \OT1/cmr/bx/n/14.4 Ed-in-burgh Uni-ver-sity Stu-
 []


Underfull \vbox (badness 4156) has occurred while \output is active []


Underfull \vbox (badness 10000) has occurred while \output is active []

 [1{C:/Users/boncata/AppData/Local/MiKTeX/2.9/pdftex/config/pdftex.map}


 <./eusa-logo.jpg>]
Underfull \hbox (badness 1077) in paragraph at lines 107--108
\OT1/cmr/m/n/14.4 One of-ten hears the words \cur-rent",
 []

LaTeX Font Info:    Try loading font information for OMS+cmr on input line 113.

("D:\Program Files\MiKTeX 2.9\tex\latex\base\omscmr.fd"
File: omscmr.fd 2014/09/29 v2.5h Standard LaTeX font definitions
)
LaTeX Font Info:    Font shape `OMS/cmr/m/n' in size <14.4> not available
(Font)              Font shape `OMS/cmsy/m/n' tried instead on input line 113.

Underfull \hbox (badness 1629) in paragraph at lines 117--118
\OT1/cmr/m/n/14.4 cur-rent flow and is mea-sured in
 []

LaTeX Font Info:    External font `cmex7' loaded for size
(Font)              <7> on input line 119.

Underfull \hbox (badness 1400) in paragraph at lines 123--124
\OT1/cmr/m/n/14.4 send cur-rent over long dis-tances.
 []

[2] <13amp.jpg, id=114, 803.0pt x 803.0pt>
File: 13amp.jpg Graphic file (type jpg)
 <use 13amp.jpg>
Package pdftex.def Info: 13amp.jpg used on input line 137.
(pdftex.def)             Requested size: 152.57158pt x 152.57158pt.

Underfull \hbox (badness 6428) in paragraph at lines 137--138
[][]\OT1/cmr/bx/n/14.4 13 Amp:
 []


Underfull \hbox (badness 1259) in paragraph at lines 137--138
\OT1/cmr/m/n/14.4 This is your stan-dard plug/cable
 []

<15amp.jpg, id=115, 752.8125pt x 752.8125pt>
File: 15amp.jpg Graphic file (type jpg)
 <use 15amp.jpg>
Package pdftex.def Info: 15amp.jpg used on input line 139.
(pdftex.def)             Requested size: 112.91699pt x 112.91699pt.

Underfull \hbox (badness 1147) in paragraph at lines 139--140
[][]\OT1/cmr/bx/n/14.4 15 Amp: \OT1/cmr/m/n/14.4 This
 []

<16amp.jpg, id=116, 803.0pt x 803.0pt>
File: 16amp.jpg Graphic file (type jpg)
 <use 16amp.jpg>
Package pdftex.def Info: 16amp.jpg used on input line 141.
(pdftex.def)             Requested size: 128.48262pt x 128.48262pt.

Underfull \vbox (badness 10000) has occurred while \output is active []


<32amp.jpg, id=117, 1027.84pt x 641.39626pt>
File: 32amp.jpg Graphic file (type jpg)
 <use 32amp.jpg>
Package pdftex.def Info: 32amp.jpg used on input line 143.
(pdftex.def)             Requested size: 164.45775pt x 102.62549pt.

<63amp.jpg, id=118, 1027.84pt x 632.3625pt>
File: 63amp.jpg Graphic file (type jpg)
 <use 63amp.jpg>
Package pdftex.def Info: 63amp.jpg used on input line 145.
(pdftex.def)             Requested size: 164.45775pt x 101.18007pt.

Underfull \vbox (badness 10000) has occurred while \output is active []

 [3 <./13amp.jpg> <./15amp.jpg> <./16amp.jpg> <./32amp.jpg> <./63amp.jpg>]
<audio_labeled_diagram.jpg, id=124, 1343.0175pt x 770.27776pt>
File: audio_labeled_diagram.jpg Graphic file (type jpg)

<use audio_labeled_diagram.jpg>
Package pdftex.def Info: audio_labeled_diagram.jpg used on input line 163.
(pdftex.def)             Requested size: 512.1496pt x 293.73114pt.


LaTeX Warning: `h' float specifier changed to `ht'.


Underfull \hbox (badness 1189) in paragraph at lines 177--178
\OT1/cmr/m/n/14.4 el-e-ments can be com-bined to-gether {
 []


Underfull \vbox (badness 10000) has occurred while \output is active []

 [4]
Underfull \vbox (badness 2326) has occurred while \output is active []

 [5pdfTeX warning (ext4): destination with the same identifier (name{figure.1})
 has been already used, duplicate ignored

\AtBegShi@Output ...ipout \box \AtBeginShipoutBox 
                                                  \fi \fi 
l.192 
       <./audio_labeled_diagram.jpg>]
Underfull \hbox (badness 10000) in paragraph at lines 198--198
[]\OT1/cmr/bx/n/17.28 Balanced and Un-bal-
 []

<dirty-signal.png, id=135, 645.612pt x 178.86826pt>
File: dirty-signal.png Graphic file (type png)
 <use dirty-signal.png>
Package pdftex.def Info: dirty-signal.png used on input line 207.
(pdftex.def)             Requested size: 512.1496pt x 141.90208pt.


LaTeX Warning: `h' float specifier changed to `ht'.

<inverted-signal.png, id=137, 647.41875pt x 179.4705pt>
File: inverted-signal.png Graphic file (type png)

<use inverted-signal.png>
Package pdftex.def Info: inverted-signal.png used on input line 219.
(pdftex.def)             Requested size: 512.1496pt x 141.98004pt.


LaTeX Warning: `h' float specifier changed to `ht'.

<second-inverted.png, id=139, 643.203pt x 169.23225pt>
File: second-inverted.png Graphic file (type png)

<use second-inverted.png>
Package pdftex.def Info: second-inverted.png used on input line 231.
(pdftex.def)             Requested size: 512.1496pt x 134.75333pt.


LaTeX Warning: `h' float specifier changed to `ht'.

<clean-signal.png, id=141, 641.39626pt x 236.68425pt>
File: clean-signal.png Graphic file (type png)
 <use clean-signal.png>
Package pdftex.def Info: clean-signal.png used on input line 243.
(pdftex.def)             Requested size: 512.1496pt x 188.99373pt.


LaTeX Warning: `h' float specifier changed to `ht'.


Underfull \hbox (badness 10000) in paragraph at lines 252--252
[]\OT1/cmr/bx/n/17.28 Balanced and Un-bal-
 []


Underfull \hbox (badness 2080) in paragraph at lines 258--259
[]\OT1/cmr/m/n/14.4 A ca-ble car-ry-ing \OT1/cmr/bx/n/14.4 bal-anced sig-nal
 []

<xlr2.jpg, id=142, 1284.8pt x 754.82pt>
File: xlr2.jpg Graphic file (type jpg)
 <use xlr2.jpg>
Package pdftex.def Info: xlr2.jpg used on input line 267.
(pdftex.def)             Requested size: 154.16934pt x 90.5745pt.

<bal_jack.jpg, id=143, 349.305pt x 349.305pt>
File: bal_jack.jpg Graphic file (type jpg)
 <use bal_jack.jpg>
Package pdftex.def Info: bal_jack.jpg used on input line 269.
(pdftex.def)             Requested size: 122.25858pt x 122.25858pt.
 [6 <./xlr2.jpg>]
Underfull \vbox (badness 10000) has occurred while \output is active []


<jack_ts.jpg, id=152, 501.875pt x 416.55624pt>
File: jack_ts.jpg Graphic file (type jpg)
 <use jack_ts.jpg>
Package pdftex.def Info: jack_ts.jpg used on input line 281.
(pdftex.def)             Requested size: 110.41283pt x 91.64265pt.

Underfull \hbox (badness 10000) in paragraph at lines 281--282
[][]\OT1/cmr/bx/n/14.4 Unbalanced
 []

<rca.jpg, id=153, 1505.625pt x 497.86pt>
File: rca.jpg Graphic file (type jpg)
 <use rca.jpg>
Package pdftex.def Info: rca.jpg used on input line 283.
(pdftex.def)             Requested size: 165.61926pt x 54.76476pt.

Underfull \hbox (badness 10000) in paragraph at lines 283--284
[][]\OT1/cmr/bx/n/14.4 RCA:
 []


Underfull \hbox (badness 4024) in paragraph at lines 283--284
\OT1/cmr/m/n/14.4 This is com-monly used by DJ
 []


Underfull \hbox (badness 1394) in paragraph at lines 283--284
\OT1/cmr/m/n/14.4 Fre-quently re-ferred to as "phono
 []

[7pdfTeX warning (ext4): destination with the same identifier (name{figure.2}) 
has been already used, duplicate ignored

\AtBegShi@Output ...ipout \box \AtBeginShipoutBox 
                                                  \fi \fi 
l.284 
      pdfTeX warning (ext4): destination with the same identifier (name{figure.
3}) has been already used, duplicate ignored

\AtBegShi@Output ...ipout \box \AtBeginShipoutBox 
                                                  \fi \fi 
l.284 
       <./dirty-signal.png> <./inverted-signal.png> <./bal_jack.jpg> <./jack_ts
.jpg>] <minijack2.jpg, id=159, 798.5835pt x 260.172pt>
File: minijack2.jpg Graphic file (type jpg)
 <use minijack2.jpg>
Package pdftex.def Info: minijack2.jpg used on input line 285.
(pdftex.def)             Requested size: 159.71387pt x 52.03346pt.

Overfull \hbox (1.47586pt too wide) in paragraph at lines 285--286
[][]\OT1/cmr/bx/n/14.4 Minijack:
 []


Underfull \vbox (badness 10000) has occurred while \output is active []

 [8pdfTeX warning (ext4): destination with the same identifier (name{figure.4})
 has been already used, duplicate ignored

\AtBegShi@Output ...ipout \box \AtBeginShipoutBox 
                                                  \fi \fi 
l.295 \item \includegraphics
                            [scale=0.16]{nl2.jpg}\textbf{Speakon (NL2, NL4, ...
pdfTeX warning (ext4): destination with the same identifier (name{figure.5}) ha
s been already used, duplicate ignored

\AtBegShi@Output ...ipout \box \AtBeginShipoutBox 
                                                  \fi \fi 
l.295 \item \includegraphics
                            [scale=0.16]{nl2.jpg}\textbf{Speakon (NL2, NL4, ...
 <./second-inverted.png> <./clean-signal.png> <./rca.jpg> <./minijack2.jpg>]
<nl2.jpg, id=164, 969.6225pt x 969.6225pt>
File: nl2.jpg Graphic file (type jpg)
 <use nl2.jpg>
Package pdftex.def Info: nl2.jpg used on input line 295.
(pdftex.def)             Requested size: 155.14276pt x 155.14276pt.

Underfull \hbox (badness 10000) in paragraph at lines 295--296
[][]\OT1/cmr/bx/n/14.4 Speakon
 []


Underfull \hbox (badness 10000) in paragraph at lines 299--299
[]\OT1/cmr/bx/n/17.28 Microphones and DI
 []


Underfull \hbox (badness 1622) in paragraph at lines 307--308
\OT1/cmr/m/n/14.4 of mi-cro-phones { \OT1/cmr/bx/n/14.4 con-denser mi-cro-
 []

<SM58.jpg, id=166, 429.10312pt x 208.52907pt>
File: SM58.jpg Graphic file (type jpg)
 <use SM58.jpg>
Package pdftex.def Info: SM58.jpg used on input line 314.
(pdftex.def)             Requested size: 199.16928pt x 96.79pt.

<c391ba.jpg, id=168, 1606.0pt x 1104.125pt>
File: c391ba.jpg Graphic file (type jpg)
 <use c391ba.jpg>
Package pdftex.def Info: c391ba.jpg used on input line 326.
(pdftex.def)             Requested size: 199.16928pt x 136.9202pt.


LaTeX Warning: `h' float specifier changed to `ht'.

[9pdfTeX warning (ext4): destination with the same identifier (name{figure.6}) 
has been already used, duplicate ignored

\AtBegShi@Output ...ipout \box \AtBeginShipoutBox 
                                                  \fi \fi 
l.337 
       <./nl2.jpg> <./SM58.jpg>] <di-box.jpg, id=176, 752.8125pt x 752.8125pt>
File: di-box.jpg Graphic file (type jpg)

<use di-box.jpg>
Package pdftex.def Info: di-box.jpg used on input line 341.
(pdftex.def)             Requested size: 199.16928pt x 199.17271pt.

Underfull \vbox (badness 1931) has occurred while \output is active []


<mixing-desk3.jpg, id=179, 503.8825pt x 287.0725pt>
File: mixing-desk3.jpg Graphic file (type jpg)
 <use mixing-desk3.jpg>
Package pdftex.def Info: mixing-desk3.jpg used on input line 355.
(pdftex.def)             Requested size: 256.0748pt x 145.89253pt.

Overfull \hbox (0.82564pt too wide) in paragraph at lines 355--356
 [] 
 []

[10pdfTeX warning (ext4): destination with the same identifier (name{figure.7})
 has been already used, duplicate ignored

\AtBegShi@Output ...ipout \box \AtBeginShipoutBox 
                                                  \fi \fi 
l.368 
      pdfTeX warning (ext4): destination with the same identifier (name{figure.
8}) has been already used, duplicate ignored

\AtBegShi@Output ...ipout \box \AtBeginShipoutBox 
                                                  \fi \fi 
l.368 
      pdfTeX warning (ext4): destination with the same identifier (name{figure.
9}) has been already used, duplicate ignored

\AtBegShi@Output ...ipout \box \AtBeginShipoutBox 
                                                  \fi \fi 
l.368 
       <./c391ba.jpg> <./di-box.jpg> <./mixing-desk3.jpg>]
Underfull \hbox (badness 1442) in paragraph at lines 380--381
[]\OT1/cmr/m/n/14.4 The Ed-in-burgh Uni-ver-sity Stu-dents'
 []

<channel-strip.jpg, id=189, 440.847pt x 1042.49475pt>
File: channel-strip.jpg Graphic file (type jpg)
 <use channel-strip.jpg>
Package pdftex.def Info: channel-strip.jpg used on input line 385.
(pdftex.def)             Requested size: 284.52756pt x 672.8255pt.

Overfull \hbox (29.2784pt too wide) in paragraph at lines 385--386
 [] 
 []


Overfull \vbox (45.38036pt too high) has occurred while \output is active []


[11pdfTeX warning (ext4): destination with the same identifier (name{figure.10}
) has been already used, duplicate ignored

\AtBegShi@Output ...ipout \box \AtBeginShipoutBox 
                                                  \fi \fi 
l.391 
       <./channel-strip.jpg>]
<aux-section.jpg, id=197, 316.7835pt x 896.148pt>
File: aux-section.jpg Graphic file (type jpg)
 <use aux-section.jpg>
Package pdftex.def Info: aux-section.jpg used on input line 395.
(pdftex.def)             Requested size: 227.62204pt x 643.91335pt.

<master-section.jpg, id=198, 419.76825pt x 884.70525pt>
File: master-section.jpg Graphic file (type jpg)

<use master-section.jpg>
Package pdftex.def Info: master-section.jpg used on input line 405.
(pdftex.def)             Requested size: 284.52756pt x 599.68819pt.

Overfull \hbox (29.2784pt too wide) in paragraph at lines 405--406
 [] 
 []


Underfull \vbox (badness 10000) has occurred while \output is active []

 [12pdfTeX warning (ext4): destination with the same identifier (name{figure.11
}) has been already used, duplicate ignored

\AtBegShi@Output ...ipout \box \AtBeginShipoutBox 
                                                  \fi \fi 
l.418 
      pdfTeX warning (ext4): destination with the same identifier (name{figure.
12}) has been already used, duplicate ignored

\AtBegShi@Output ...ipout \box \AtBeginShipoutBox 
                                                  \fi \fi 
l.418 
       <./aux-section.jpg> <./master-section.jpg>]
<dj-setup.jpg, id=205, 1044.3015pt x 191.5155pt>
File: dj-setup.jpg Graphic file (type jpg)
 <use dj-setup.jpg>
Package pdftex.def Info: dj-setup.jpg used on input line 427.
(pdftex.def)             Requested size: 512.1496pt x 93.92523pt.


LaTeX Warning: `h' float specifier changed to `ht'.

<dj-setup2.jpg, id=206, 1047.31274pt x 199.34476pt>
File: dj-setup2.jpg Graphic file (type jpg)
 <use dj-setup2.jpg>
Package pdftex.def Info: dj-setup2.jpg used on input line 437.
(pdftex.def)             Requested size: 512.1496pt x 97.48509pt.


LaTeX Warning: `h' float specifier changed to `ht'.

[13] <common-faults.png, id=215, 908.79526pt x 334.24875pt>
File: common-faults.png Graphic file (type png)

<use common-faults.png>
Package pdftex.def Info: common-faults.png used on input line 467.
(pdftex.def)             Requested size: 526.37598pt x 193.6043pt.


LaTeX Warning: `!h' float specifier changed to `!ht'.


Underfull \vbox (badness 10000) has occurred while \output is active []

Package atveryend Info: Empty hook `BeforeClearDocument' on input line 501.
 [14pdfTeX warning (ext4): destination with the same identifier (name{figure.13
}) has been already used, duplicate ignored

\AtBegShi@Output ...ipout \box \AtBeginShipoutBox 
                                                  \fi \fi 
l.501 \end{document}
                    pdfTeX warning (ext4): destination with the same identifier
 (name{figure.14}) has been already used, duplicate ignored

\AtBegShi@Output ...ipout \box \AtBeginShipoutBox 
                                                  \fi \fi 
l.501 \end{document}
                     <./dj-setup.jpg> <./dj-setup2.jpg>] [15pdfTeX warning (ext
4): destination with the same identifier (name{figure.15}) has been already use
d, duplicate ignored

\AtBegShi@Output ...ipout \box \AtBeginShipoutBox 
                                                  \fi \fi 
l.501 \end{document}
                     <./common-faults.png>]
Package atveryend Info: Empty hook `AfterLastShipout' on input line 501.
 (low-tech-training.aux)
Package atveryend Info: Executing hook `AtVeryEndDocument' on input line 501.
Package atveryend Info: Executing hook `AtEndAfterFileList' on input line 501.
Package rerunfilecheck Info: File `low-tech-training.out' has not changed.
(rerunfilecheck)             Checksum: BA16A7EDF09BE5FAB3DAC690DEC8116B;1523.
Package atveryend Info: Empty hook `AtVeryVeryEnd' on input line 501.
 ) 
Here is how much of TeX's memory you used:
 6786 strings out of 493634
 99754 string characters out of 3143738
 301639 words of memory out of 3000000
 10017 multiletter control sequences out of 15000+200000
 10058 words of font info for 36 fonts, out of 3000000 for 9000
 1025 hyphenation exceptions out of 8191
 29i,8n,32p,669b,406s stack positions out of 5000i,500n,10000p,200000b,50000s
<D:/Program Files/MiKTeX 2.9/fonts/type1/public/amsfonts/cm/cmbx12.pfb><D:/Pr
ogram Files/MiKTeX 2.9/fonts/type1/public/amsfonts/cm/cmmi12.pfb><D:/Program Fi
les/MiKTeX 2.9/fonts/type1/public/amsfonts/cm/cmr12.pfb><D:/Program Files/MiKTe
X 2.9/fonts/type1/public/amsfonts/cm/cmr17.pfb><D:/Program Files/MiKTeX 2.9/fon
ts/type1/public/amsfonts/cm/cmsy10.pfb><D:/Program Files/MiKTeX 2.9/fonts/type1
/public/amsfonts/cm/cmti12.pfb>
Output written on low-tech-training.pdf (15 pages, 4780793 bytes).
PDF statistics:
 261 PDF objects out of 1000 (max. 8388607)
 54 named destinations out of 1000 (max. 500000)
 320 words of extra memory for PDF output out of 10000 (max. 10000000)

