\BOOKMARK [1][-]{section.1}{Introduction}{}% 1
\BOOKMARK [1][-]{section.2}{Power}{}% 2
\BOOKMARK [2][-]{subsection.2.1}{Electricity}{section.2}% 3
\BOOKMARK [2][-]{subsection.2.2}{Electrical Cables}{section.2}% 4
\BOOKMARK [1][-]{section.3}{Introdution to Sound and Audio Systems}{}% 5
\BOOKMARK [2][-]{subsection.3.1}{Structure of a Sound Reinforcement System}{section.3}% 6
\BOOKMARK [2][-]{subsection.3.2}{Signal Types}{section.3}% 7
\BOOKMARK [2][-]{subsection.3.3}{Balanced and Unbalanced Signals}{section.3}% 8
\BOOKMARK [2][-]{subsection.3.4}{Balanced and Unbalanced Cables}{section.3}% 9
\BOOKMARK [3][-]{subsubsection.3.4.1}{Balanced Cables}{subsection.3.4}% 10
\BOOKMARK [3][-]{subsubsection.3.4.2}{Unbalanced Cables}{subsection.3.4}% 11
\BOOKMARK [3][-]{subsubsection.3.4.3}{Speaker Cables}{subsection.3.4}% 12
\BOOKMARK [2][-]{subsection.3.5}{Microphones and DI Boxes}{section.3}% 13
\BOOKMARK [3][-]{subsubsection.3.5.1}{Microphones}{subsection.3.5}% 14
\BOOKMARK [3][-]{subsubsection.3.5.2}{DI boxes}{subsection.3.5}% 15
\BOOKMARK [2][-]{subsection.3.6}{Mixing Desks}{section.3}% 16
\BOOKMARK [3][-]{subsubsection.3.6.1}{Channel Strip}{subsection.3.6}% 17
\BOOKMARK [3][-]{subsubsection.3.6.2}{Master Section}{subsection.3.6}% 18
\BOOKMARK [2][-]{subsection.3.7}{DJ Setups}{section.3}% 19
\BOOKMARK [2][-]{subsection.3.8}{Basic Fault Finding}{section.3}% 20
\BOOKMARK [1][-]{section.4}{Lighting}{}% 21
\BOOKMARK [1][-]{section.5}{AV}{}% 22
\BOOKMARK [1][-]{section.6}{Conclusion}{}% 23
