\BOOKMARK [1][-]{section.1}{Introduction}{}% 1
\BOOKMARK [1][-]{section.2}{Power}{}% 2
\BOOKMARK [2][-]{subsection.2.1}{Electricity}{section.2}% 3
\BOOKMARK [2][-]{subsection.2.2}{Electrical Cables}{section.2}% 4
\BOOKMARK [1][-]{section.3}{Introduction to Sound and Audio Systems}{}% 5
\BOOKMARK [2][-]{subsection.3.1}{Structure of a Sound Reinforcement System}{section.3}% 6
\BOOKMARK [2][-]{subsection.3.2}{Signal Types}{section.3}% 7
\BOOKMARK [2][-]{subsection.3.3}{Balanced and Unbalanced Signals}{section.3}% 8
\BOOKMARK [2][-]{subsection.3.4}{Balanced and Unbalanced Cables}{section.3}% 9
\BOOKMARK [3][-]{subsubsection.3.4.1}{Balanced Cables}{subsection.3.4}% 10
\BOOKMARK [3][-]{subsubsection.3.4.2}{Unbalanced Cables}{subsection.3.4}% 11
\BOOKMARK [3][-]{subsubsection.3.4.3}{Speaker Cables}{subsection.3.4}% 12
\BOOKMARK [2][-]{subsection.3.5}{Mixing Desks}{section.3}% 13
\BOOKMARK [3][-]{subsubsection.3.5.1}{Channel Strip}{subsection.3.5}% 14
\BOOKMARK [3][-]{subsubsection.3.5.2}{Master Section}{subsection.3.5}% 15
\BOOKMARK [1][-]{section.4}{Lighting}{}% 16
\BOOKMARK [2][-]{subsection.4.1}{Types of fixtures}{section.4}% 17
\BOOKMARK [3][-]{subsubsection.4.1.1}{Generic fixtures}{subsection.4.1}% 18
\BOOKMARK [3][-]{subsubsection.4.1.2}{Dimmers}{subsection.4.1}% 19
\BOOKMARK [2][-]{subsection.4.2}{Intelligent fixtures}{section.4}% 20
\BOOKMARK [3][-]{subsubsection.4.2.1}{Moving heads}{subsection.4.2}% 21
\BOOKMARK [3][-]{subsubsection.4.2.2}{Scanners}{subsection.4.2}% 22
\BOOKMARK [2][-]{subsection.4.3}{LED fixtures}{section.4}% 23
\BOOKMARK [2][-]{subsection.4.4}{Effects}{section.4}% 24
\BOOKMARK [2][-]{subsection.4.5}{DMX}{section.4}% 25
\BOOKMARK [2][-]{subsection.4.6}{Rigging}{section.4}% 26
\BOOKMARK [3][-]{subsubsection.4.6.1}{Rigging Basics}{subsection.4.6}% 27
\BOOKMARK [3][-]{subsubsection.4.6.2}{Safe Working Load/Uniformly Distributed Load}{subsection.4.6}% 28
\BOOKMARK [3][-]{subsubsection.4.6.3}{Hanging a fixture}{subsection.4.6}% 29
\BOOKMARK [3][-]{subsubsection.4.6.4}{Focussing a fixture}{subsection.4.6}% 30
\BOOKMARK [1][-]{section.5}{AV}{}% 31
\BOOKMARK [2][-]{subsection.5.1}{Connectors}{section.5}% 32
\BOOKMARK [3][-]{subsubsection.5.1.1}{Digital}{subsection.5.1}% 33
\BOOKMARK [3][-]{subsubsection.5.1.2}{Analogue}{subsection.5.1}% 34
